{"level":"info","message":"Retrieved 0 courses successfully","timestamp":"2025-12-06T10:26:21.817Z"}
{"level":"info","message":{"duration":"102ms","method":"GET","params":{},"path":"/api/courses","query":{},"status":200},"timestamp":"2025-12-06T10:26:21.878Z"}
{"level":"info","message":"Retrieved 0 courses successfully","timestamp":"2025-12-06T10:26:22.005Z"}
{"level":"info","message":{"duration":"103ms","method":"GET","params":{},"path":"/api/courses","query":{},"status":304},"timestamp":"2025-12-06T10:26:22.018Z"}
{"courseId":"693404e2ee86e5f6c88ebbb2","level":"info","message":"New course created:","name":"history","timestamp":"2025-12-06T10:26:42.993Z"}
{"level":"info","message":{"body":{"description":"itihass of the world","duration":12,"name":"history","status":"active"},"duration":"376ms","method":"POST","params":{},"path":"/api/courses","query":{},"status":201},"timestamp":"2025-12-06T10:26:42.997Z"}
{"level":"info","message":"Retrieved 1 courses successfully","timestamp":"2025-12-06T10:26:43.039Z"}
{"level":"info","message":{"duration":"35ms","method":"GET","params":{},"path":"/api/courses","query":{},"status":200},"timestamp":"2025-12-06T10:26:43.050Z"}
{"activeCourses":1,"activeStudents":0,"courseCounts":[],"graduates":0,"level":"info","message":"Dashboard statistics retrieved successfully:","successRate":0,"timestamp":"2025-12-06T10:26:43.455Z","totalCourses":1,"totalStudents":0}
{"level":"info","message":{"duration":"378ms","method":"GET","params":{},"path":"/api/dashboard/stats","query":{},"status":200},"timestamp":"2025-12-06T10:26:43.459Z"}
{"level":"info","message":"Retrieved 1 courses successfully","timestamp":"2025-12-06T10:26:49.156Z"}
{"level":"info","message":{"duration":"19ms","method":"GET","params":{},"path":"/api/courses","query":{},"status":304},"timestamp":"2025-12-06T10:26:49.159Z"}
{"level":"info","message":"Retrieved 0 students successfully","timestamp":"2025-12-06T10:26:50.193Z"}
{"level":"info","message":{"duration":"19ms","method":"GET","params":{},"path":"/api/students","query":{},"status":200},"timestamp":"2025-12-06T10:26:50.197Z"}
{"activeCourses":1,"activeStudents":0,"courseCounts":[],"graduates":0,"level":"info","message":"Dashboard statistics retrieved successfully:","successRate":0,"timestamp":"2025-12-06T10:26:50.247Z","totalCourses":1,"totalStudents":0}
{"level":"info","message":{"duration":"60ms","method":"GET","params":{},"path":"/api/dashboard/stats","query":{},"status":304},"timestamp":"2025-12-06T10:26:50.249Z"}
{"course":"693404e2ee86e5f6c88ebbb2","level":"info","message":"New student created:","name":"sagar","studentId":"693404feee86e5f6c88ebbc3","timestamp":"2025-12-06T10:27:11.062Z"}
{"level":"info","message":{"body":{"course":"693404e2ee86e5f6c88ebbb2","email":"s@gmail.com","enrollmentDate":"2025-12-06","name":"sagar","status":"active"},"duration":"96ms","method":"POST","params":{},"path":"/api/students","query":{},"status":201},"timestamp":"2025-12-06T10:27:11.066Z"}
{"level":"info","message":"Retrieved 1 students successfully","timestamp":"2025-12-06T10:27:11.159Z"}
{"level":"info","message":{"duration":"78ms","method":"GET","params":{},"path":"/api/students","query":{},"status":200},"timestamp":"2025-12-06T10:27:11.162Z"}
{"activeCourses":1,"activeStudents":1,"courseCounts":[{"_id":"693404e2ee86e5f6c88ebbb2","count":1}],"graduates":0,"level":"info","message":"Dashboard statistics retrieved successfully:","successRate":0,"timestamp":"2025-12-06T10:27:11.307Z","totalCourses":1,"totalStudents":1}
{"level":"info","message":{"duration":"126ms","method":"GET","params":{},"path":"/api/dashboard/stats","query":{},"status":200},"timestamp":"2025-12-06T10:27:11.309Z"}
{"level":"info","message":"Retrieved 1 students successfully","timestamp":"2025-12-06T10:27:16.890Z"}
{"level":"info","message":{"duration":"80ms","method":"GET","params":{},"path":"/api/students","query":{},"status":304},"timestamp":"2025-12-06T10:27:16.893Z"}
{"activeCourses":1,"activeStudents":1,"courseCounts":[{"_id":"693404e2ee86e5f6c88ebbb2","count":1}],"graduates":0,"level":"info","message":"Dashboard statistics retrieved successfully:","successRate":0,"timestamp":"2025-12-06T10:27:16.941Z","totalCourses":1,"totalStudents":1}
{"level":"info","message":{"duration":"125ms","method":"GET","params":{},"path":"/api/dashboard/stats","query":{},"status":304},"timestamp":"2025-12-06T10:27:16.944Z"}
{"level":"info","message":"Retrieved 1 courses successfully","timestamp":"2025-12-06T10:27:26.527Z"}
{"level":"info","message":{"duration":"54ms","method":"GET","params":{},"path":"/api/courses","query":{},"status":200},"timestamp":"2025-12-06T10:27:26.533Z"}
{"level":"info","message":{"duration":"110ms","method":"GET","params":{"id":"693404e2ee86e5f6c88ebbb2"},"path":"/api/courses/693404e2ee86e5f6c88ebbb2","query":{},"status":200},"timestamp":"2025-12-06T10:27:32.050Z"}
{"courseId":"693404e2ee86e5f6c88ebbb2","level":"info","message":"Course updated successfully:","name":"history","timestamp":"2025-12-06T10:27:36.981Z"}
{"level":"info","message":{"body":{"description":"itihass of the world","duration":11,"name":"history","status":"active"},"duration":"28ms","method":"PUT","params":{"id":"693404e2ee86e5f6c88ebbb2"},"path":"/api/courses/693404e2ee86e5f6c88ebbb2","query":{},"status":200},"timestamp":"2025-12-06T10:27:36.983Z"}
{"level":"info","message":"Retrieved 1 courses successfully","timestamp":"2025-12-06T10:27:37.012Z"}
{"level":"info","message":{"duration":"18ms","method":"GET","params":{},"path":"/api/courses","query":{},"status":200},"timestamp":"2025-12-06T10:27:37.017Z"}
{"activeCourses":1,"activeStudents":1,"courseCounts":[{"_id":"693404e2ee86e5f6c88ebbb2","count":1}],"graduates":0,"level":"info","message":"Dashboard statistics retrieved successfully:","successRate":0,"timestamp":"2025-12-06T10:27:37.107Z","totalCourses":1,"totalStudents":1}
{"level":"info","message":{"duration":"73ms","method":"GET","params":{},"path":"/api/dashboard/stats","query":{},"status":304},"timestamp":"2025-12-06T10:27:37.111Z"}
{"courseId":"693404e2ee86e5f6c88ebbb2","enrolledStudents":1,"level":"warn","message":"Attempted to delete course with enrolled students:","timestamp":"2025-12-06T10:28:54.179Z"}
{"level":"info","message":{"duration":"43ms","method":"DELETE","params":{"id":"693404e2ee86e5f6c88ebbb2"},"path":"/api/courses/693404e2ee86e5f6c88ebbb2","query":{},"status":400},"timestamp":"2025-12-06T10:28:54.180Z"}
{"level":"info","message":"Retrieved 1 students successfully","timestamp":"2025-12-06T10:29:00.844Z"}
{"level":"info","message":{"duration":"27ms","method":"GET","params":{},"path":"/api/students","query":{},"status":200},"timestamp":"2025-12-06T10:29:00.847Z"}
{"activeCourses":1,"activeStudents":1,"courseCounts":[{"_id":"693404e2ee86e5f6c88ebbb2","count":1}],"graduates":0,"level":"info","message":"Dashboard statistics retrieved successfully:","successRate":0,"timestamp":"2025-12-06T10:29:00.966Z","totalCourses":1,"totalStudents":1}
{"level":"info","message":{"duration":"143ms","method":"GET","params":{},"path":"/api/dashboard/stats","query":{},"status":200},"timestamp":"2025-12-06T10:29:00.970Z"}
{"course":"693404e2ee86e5f6c88ebbb2","level":"info","message":"Student deleted successfully:","name":"sagar","studentId":"693404feee86e5f6c88ebbc3","timestamp":"2025-12-06T10:29:06.087Z"}
{"level":"info","message":{"duration":"35ms","method":"DELETE","params":{"id":"693404feee86e5f6c88ebbc3"},"path":"/api/students/693404feee86e5f6c88ebbc3","query":{},"status":200},"timestamp":"2025-12-06T10:29:06.090Z"}
{"level":"info","message":"Retrieved 0 students successfully","timestamp":"2025-12-06T10:29:06.115Z"}
{"level":"info","message":{"duration":"15ms","method":"GET","params":{},"path":"/api/students","query":{},"status":200},"timestamp":"2025-12-06T10:29:06.118Z"}
{"activeCourses":1,"activeStudents":0,"courseCounts":[],"graduates":0,"level":"info","message":"Dashboard statistics retrieved successfully:","successRate":0,"timestamp":"2025-12-06T10:29:06.285Z","totalCourses":1,"totalStudents":0}
{"level":"info","message":{"duration":"150ms","method":"GET","params":{},"path":"/api/dashboard/stats","query":{},"status":200},"timestamp":"2025-12-06T10:29:06.287Z"}
{"level":"info","message":"Retrieved 1 courses successfully","timestamp":"2025-12-06T10:29:08.375Z"}
{"level":"info","message":{"duration":"14ms","method":"GET","params":{},"path":"/api/courses","query":{},"status":200},"timestamp":"2025-12-06T10:29:08.379Z"}
{"courseId":"693404e2ee86e5f6c88ebbb2","level":"info","message":"Course deleted successfully:","name":"history","timestamp":"2025-12-06T10:29:11.830Z"}
{"level":"info","message":{"duration":"33ms","method":"DELETE","params":{"id":"693404e2ee86e5f6c88ebbb2"},"path":"/api/courses/693404e2ee86e5f6c88ebbb2","query":{},"status":200},"timestamp":"2025-12-06T10:29:11.832Z"}
{"level":"info","message":"Retrieved 0 courses successfully","timestamp":"2025-12-06T10:29:11.858Z"}
{"level":"info","message":{"duration":"16ms","method":"GET","params":{},"path":"/api/courses","query":{},"status":200},"timestamp":"2025-12-06T10:29:11.863Z"}
{"activeCourses":0,"activeStudents":0,"courseCounts":[],"graduates":0,"level":"info","message":"Dashboard statistics retrieved successfully:","successRate":0,"timestamp":"2025-12-06T10:29:11.947Z","totalCourses":0,"totalStudents":0}
{"level":"info","message":{"duration":"63ms","method":"GET","params":{},"path":"/api/dashboard/stats","query":{},"status":200},"timestamp":"2025-12-06T10:29:11.949Z"}
{"level":"info","message":"Retrieved 0 students successfully","timestamp":"2025-12-06T10:30:22.764Z"}
{"level":"info","message":{"duration":"52ms","method":"GET","params":{},"path":"/api/students","query":{},"status":200},"timestamp":"2025-12-06T10:30:22.766Z"}
{"activeCourses":0,"activeStudents":0,"courseCounts":[],"graduates":0,"level":"info","message":"Dashboard statistics retrieved successfully:","successRate":0,"timestamp":"2025-12-06T10:30:22.829Z","totalCourses":0,"totalStudents":0}
{"level":"info","message":{"duration":"125ms","method":"GET","params":{},"path":"/api/dashboard/stats","query":{},"status":200},"timestamp":"2025-12-06T10:30:22.832Z"}
{"level":"info","message":"Retrieved 0 courses successfully","timestamp":"2025-12-06T10:30:25.456Z"}
{"level":"info","message":{"duration":"24ms","method":"GET","params":{},"path":"/api/courses","query":{},"status":200},"timestamp":"2025-12-06T10:30:25.467Z"}
{"level":"info","message":"Retrieved 0 students successfully","timestamp":"2025-12-06T10:30:42.219Z"}
{"level":"info","message":{"duration":"81ms","method":"GET","params":{},"path":"/api/students","query":{},"status":304},"timestamp":"2025-12-06T10:30:42.221Z"}
{"activeCourses":0,"activeStudents":0,"courseCounts":[],"graduates":0,"level":"info","message":"Dashboard statistics retrieved successfully:","successRate":0,"timestamp":"2025-12-06T10:30:42.271Z","totalCourses":0,"totalStudents":0}
{"level":"info","message":{"duration":"124ms","method":"GET","params":{},"path":"/api/dashboard/stats","query":{},"status":304},"timestamp":"2025-12-06T10:30:42.272Z"}
{"level":"info","message":"Retrieved 0 courses successfully","timestamp":"2025-12-06T10:30:43.952Z"}
{"level":"info","message":{"duration":"51ms","method":"GET","params":{},"path":"/api/courses","query":{},"status":304},"timestamp":"2025-12-06T10:30:43.954Z"}
{"level":"info","message":"Retrieved 0 students successfully","timestamp":"2025-12-06T10:30:47.332Z"}
{"level":"info","message":{"duration":"56ms","method":"GET","params":{},"path":"/api/students","query":{},"status":304},"timestamp":"2025-12-06T10:30:47.334Z"}
{"activeCourses":0,"activeStudents":0,"courseCounts":[],"graduates":0,"level":"info","message":"Dashboard statistics retrieved successfully:","successRate":0,"timestamp":"2025-12-06T10:30:47.385Z","totalCourses":0,"totalStudents":0}
{"level":"info","message":{"duration":"101ms","method":"GET","params":{},"path":"/api/dashboard/stats","query":{},"status":304},"timestamp":"2025-12-06T10:30:47.387Z"}
{"level":"info","message":"Retrieved 0 courses successfully","timestamp":"2025-12-06T10:30:49.585Z"}
{"level":"info","message":{"duration":"84ms","method":"GET","params":{},"path":"/api/courses","query":{},"status":304},"timestamp":"2025-12-06T10:30:49.587Z"}
{"level":"info","message":"Retrieved 0 courses successfully","timestamp":"2025-12-06T10:30:53.642Z"}
{"level":"info","message":{"duration":"14ms","method":"GET","params":{},"path":"/api/courses","query":{},"status":304},"timestamp":"2025-12-06T10:30:53.644Z"}
{"courseId":"693405f5ee86e5f6c88ebc10","level":"info","message":"New course created:","name":"geography","timestamp":"2025-12-06T10:31:17.888Z"}
{"level":"info","message":{"body":{"description":"upsc imp","duration":2,"name":"geography","status":"active"},"duration":"229ms","method":"POST","params":{},"path":"/api/courses","query":{},"status":201},"timestamp":"2025-12-06T10:31:17.890Z"}
{"level":"info","message":"Retrieved 1 courses successfully","timestamp":"2025-12-06T10:31:18.254Z"}
{"level":"info","message":{"duration":"346ms","method":"GET","params":{},"path":"/api/courses","query":{},"status":200},"timestamp":"2025-12-06T10:31:18.256Z"}
{"activeCourses":1,"activeStudents":0,"courseCounts":[],"graduates":0,"level":"info","message":"Dashboard statistics retrieved successfully:","successRate":0,"timestamp":"2025-12-06T10:31:18.332Z","totalCourses":1,"totalStudents":0}
{"level":"info","message":{"duration":"59ms","method":"GET","params":{},"path":"/api/dashboard/stats","query":{},"status":200},"timestamp":"2025-12-06T10:31:18.334Z"}
{"courseId":"6934060cee86e5f6c88ebc19","level":"info","message":"New course created:","name":"politics","timestamp":"2025-12-06T10:31:40.788Z"}
{"level":"info","message":{"body":{"description":"reality of world","duration":7,"name":"politics","status":"active"},"duration":"71ms","method":"POST","params":{},"path":"/api/courses","query":{},"status":201},"timestamp":"2025-12-06T10:31:40.791Z"}
{"level":"info","message":"Retrieved 2 courses successfully","timestamp":"2025-12-06T10:31:41.090Z"}
{"level":"info","message":{"duration":"284ms","method":"GET","params":{},"path":"/api/courses","query":{},"status":200},"timestamp":"2025-12-06T10:31:41.093Z"}
{"activeCourses":2,"activeStudents":0,"courseCounts":[],"graduates":0,"level":"info","message":"Dashboard statistics retrieved successfully:","successRate":0,"timestamp":"2025-12-06T10:31:41.167Z","totalCourses":2,"totalStudents":0}
{"level":"info","message":{"duration":"58ms","method":"GET","params":{},"path":"/api/dashboard/stats","query":{},"status":200},"timestamp":"2025-12-06T10:31:41.169Z"}
{"level":"info","message":"Retrieved 0 students successfully","timestamp":"2025-12-06T10:31:44.028Z"}
{"level":"info","message":{"duration":"473ms","method":"GET","params":{},"path":"/api/students","query":{},"status":200},"timestamp":"2025-12-06T10:31:44.031Z"}
{"activeCourses":2,"activeStudents":0,"courseCounts":[],"graduates":0,"level":"info","message":"Dashboard statistics retrieved successfully:","successRate":0,"timestamp":"2025-12-06T10:31:44.605Z","totalCourses":2,"totalStudents":0}
{"level":"info","message":{"duration":"1043ms","method":"GET","params":{},"path":"/api/dashboard/stats","query":{},"status":304},"timestamp":"2025-12-06T10:31:44.607Z"}
{"course":"6934060cee86e5f6c88ebc19","level":"info","message":"New student created:","name":"tanmay","studentId":"69340622ee86e5f6c88ebc29","timestamp":"2025-12-06T10:32:02.456Z"}
{"level":"info","message":{"body":{"course":"6934060cee86e5f6c88ebc19","email":"t@gmail.com","enrollmentDate":"2025-12-26","name":"tanmay","status":"active"},"duration":"24ms","method":"POST","params":{},"path":"/api/students","query":{},"status":201},"timestamp":"2025-12-06T10:32:02.458Z"}
{"level":"info","message":"Retrieved 1 students successfully","timestamp":"2025-12-06T10:32:02.803Z"}
{"level":"info","message":{"duration":"328ms","method":"GET","params":{},"path":"/api/students","query":{},"status":200},"timestamp":"2025-12-06T10:32:02.805Z"}
{"activeCourses":2,"activeStudents":1,"courseCounts":[{"_id":"6934060cee86e5f6c88ebc19","count":1}],"graduates":0,"level":"info","message":"Dashboard statistics retrieved successfully:","successRate":0,"timestamp":"2025-12-06T10:32:03.150Z","totalCourses":2,"totalStudents":1}
{"level":"info","message":{"duration":"325ms","method":"GET","params":{},"path":"/api/dashboard/stats","query":{},"status":200},"timestamp":"2025-12-06T10:32:03.152Z"}
{"level":"info","message":{"duration":"31ms","method":"GET","params":{"id":"69340622ee86e5f6c88ebc29"},"path":"/api/students/69340622ee86e5f6c88ebc29","query":{},"status":200},"timestamp":"2025-12-06T10:32:05.471Z"}
{"course":"6934060cee86e5f6c88ebc19","level":"info","message":"Student updated successfully:","name":"tanmay","studentId":"69340622ee86e5f6c88ebc29","timestamp":"2025-12-06T10:32:11.824Z"}
{"level":"info","message":{"body":{"course":"6934060cee86e5f6c88ebc19","email":"t@gmail.com","enrollmentDate":"2025-12-26","name":"tanmay","status":"active"},"duration":"45ms","method":"PUT","params":{"id":"69340622ee86e5f6c88ebc29"},"path":"/api/students/69340622ee86e5f6c88ebc29","query":{},"status":200},"timestamp":"2025-12-06T10:32:11.827Z"}
{"level":"info","message":"Retrieved 1 students successfully","timestamp":"2025-12-06T10:32:11.917Z"}
{"level":"info","message":{"duration":"80ms","method":"GET","params":{},"path":"/api/students","query":{},"status":200},"timestamp":"2025-12-06T10:32:11.919Z"}
{"activeCourses":2,"activeStudents":1,"courseCounts":[{"_id":"6934060cee86e5f6c88ebc19","count":1}],"graduates":0,"level":"info","message":"Dashboard statistics retrieved successfully:","successRate":0,"timestamp":"2025-12-06T10:32:11.990Z","totalCourses":2,"totalStudents":1}
{"level":"info","message":{"duration":"60ms","method":"GET","params":{},"path":"/api/dashboard/stats","query":{},"status":304},"timestamp":"2025-12-06T10:32:11.994Z"}
{"course":"6934060cee86e5f6c88ebc19","level":"info","message":"New student created:","name":"udemy","studentId":"69340646ee86e5f6c88ebc3b","timestamp":"2025-12-06T10:32:38.554Z"}
{"level":"info","message":{"body":{"course":"6934060cee86e5f6c88ebc19","email":"u@gmail.com","enrollmentDate":"2025-12-02","name":"udemy","status":"active"},"duration":"16ms","method":"POST","params":{},"path":"/api/students","query":{},"status":201},"timestamp":"2025-12-06T10:32:38.556Z"}
{"level":"info","message":"Retrieved 2 students successfully","timestamp":"2025-12-06T10:32:38.582Z"}
{"level":"info","message":{"duration":"18ms","method":"GET","params":{},"path":"/api/students","query":{},"status":200},"timestamp":"2025-12-06T10:32:38.590Z"}
{"activeCourses":2,"activeStudents":2,"courseCounts":[{"_id":"6934060cee86e5f6c88ebc19","count":2}],"graduates":0,"level":"info","message":"Dashboard statistics retrieved successfully:","successRate":0,"timestamp":"2025-12-06T10:32:38.698Z","totalCourses":2,"totalStudents":2}
{"level":"info","message":{"duration":"90ms","method":"GET","params":{},"path":"/api/dashboard/stats","query":{},"status":200},"timestamp":"2025-12-06T10:32:38.702Z"}
{"level":"error","message":"Error fetching courses: Operation `courses.find()` buffering timed out after 10000ms","stack":"MongooseError: Operation `courses.find()` buffering timed out after 10000ms\n    at Timeout.<anonymous> (C:\\Users\\tanma\\OneDrive\\Desktop\\reactProjects\\stDashboard\\backend\\node_modules\\mongoose\\lib\\drivers\\node-mongodb-native\\collection.js:187:23)\n    at listOnTimeout (node:internal/timers:581:17)\n    at process.processTimers (node:internal/timers:519:7)","timestamp":"2025-12-13T10:51:49.623Z"}
{"level":"info","message":{"duration":"10038ms","method":"GET","params":{},"path":"/api/courses","query":{},"status":500},"timestamp":"2025-12-13T10:51:49.648Z"}
{"level":"error","message":"Error fetching courses: Operation `courses.find()` buffering timed out after 10000ms","stack":"MongooseError: Operation `courses.find()` buffering timed out after 10000ms\n    at Timeout.<anonymous> (C:\\Users\\tanma\\OneDrive\\Desktop\\reactProjects\\stDashboard\\backend\\node_modules\\mongoose\\lib\\drivers\\node-mongodb-native\\collection.js:187:23)\n    at listOnTimeout (node:internal/timers:581:17)\n    at process.processTimers (node:internal/timers:519:7)","timestamp":"2025-12-13T10:51:59.673Z"}
{"level":"info","message":{"duration":"10017ms","method":"GET","params":{},"path":"/api/courses","query":{},"status":500},"timestamp":"2025-12-13T10:51:59.678Z"}
{"level":"error","message":"Error fetching courses: Operation `courses.find()` buffering timed out after 10000ms","stack":"MongooseError: Operation `courses.find()` buffering timed out after 10000ms\n    at Timeout.<anonymous> (C:\\Users\\tanma\\OneDrive\\Desktop\\reactProjects\\stDashboard\\backend\\node_modules\\mongoose\\lib\\drivers\\node-mongodb-native\\collection.js:187:23)\n    at listOnTimeout (node:internal/timers:581:17)\n    at process.processTimers (node:internal/timers:519:7)","timestamp":"2025-12-13T10:53:04.063Z"}
{"level":"info","message":{"duration":"10010ms","method":"GET","params":{},"path":"/api/courses","query":{},"status":500},"timestamp":"2025-12-13T10:53:04.066Z"}
{"level":"error","message":"Error fetching students: Operation `students.find()` buffering timed out after 10000ms","stack":"MongooseError: Operation `students.find()` buffering timed out after 10000ms\n    at Timeout.<anonymous> (C:\\Users\\tanma\\OneDrive\\Desktop\\reactProjects\\stDashboard\\backend\\node_modules\\mongoose\\lib\\drivers\\node-mongodb-native\\collection.js:187:23)\n    at listOnTimeout (node:internal/timers:581:17)\n    at process.processTimers (node:internal/timers:519:7)","timestamp":"2025-12-13T10:53:05.223Z"}
{"level":"info","message":{"duration":"10007ms","method":"GET","params":{},"path":"/api/students","query":{},"status":500},"timestamp":"2025-12-13T10:53:05.226Z"}
{"level":"error","message":"Error fetching dashboard stats: Operation `students.countDocuments()` buffering timed out after 10000ms","stack":"MongooseError: Operation `students.countDocuments()` buffering timed out after 10000ms\n    at Timeout.<anonymous> (C:\\Users\\tanma\\OneDrive\\Desktop\\reactProjects\\stDashboard\\backend\\node_modules\\mongoose\\lib\\drivers\\node-mongodb-native\\collection.js:187:23)\n    at listOnTimeout (node:internal/timers:581:17)\n    at process.processTimers (node:internal/timers:519:7)","timestamp":"2025-12-13T10:53:05.239Z"}
{"level":"info","message":{"duration":"10015ms","method":"GET","params":{},"path":"/api/dashboard/stats","query":{},"status":500},"timestamp":"2025-12-13T10:53:05.244Z"}
{"level":"error","message":"Error fetching students: Operation `students.find()` buffering timed out after 10000ms","stack":"MongooseError: Operation `students.find()` buffering timed out after 10000ms\n    at Timeout.<anonymous> (C:\\Users\\tanma\\OneDrive\\Desktop\\reactProjects\\stDashboard\\backend\\node_modules\\mongoose\\lib\\drivers\\node-mongodb-native\\collection.js:187:23)\n    at listOnTimeout (node:internal/timers:581:17)\n    at process.processTimers (node:internal/timers:519:7)","timestamp":"2025-12-13T10:53:06.272Z"}
{"level":"info","message":{"duration":"10013ms","method":"GET","params":{},"path":"/api/students","query":{},"status":500},"timestamp":"2025-12-13T10:53:06.275Z"}
{"level":"error","message":"Error fetching dashboard stats: Operation `students.countDocuments()` buffering timed out after 10000ms","stack":"MongooseError: Operation `students.countDocuments()` buffering timed out after 10000ms\n    at Timeout.<anonymous> (C:\\Users\\tanma\\OneDrive\\Desktop\\reactProjects\\stDashboard\\backend\\node_modules\\mongoose\\lib\\drivers\\node-mongodb-native\\collection.js:187:23)\n    at listOnTimeout (node:internal/timers:581:17)\n    at process.processTimers (node:internal/timers:519:7)","timestamp":"2025-12-13T10:53:06.276Z"}
{"level":"info","message":{"duration":"10016ms","method":"GET","params":{},"path":"/api/dashboard/stats","query":{},"status":500},"timestamp":"2025-12-13T10:53:06.279Z"}
{"level":"error","message":"Error fetching courses: Operation `courses.find()` buffering timed out after 10000ms","stack":"MongooseError: Operation `courses.find()` buffering timed out after 10000ms\n    at Timeout.<anonymous> (C:\\Users\\tanma\\OneDrive\\Desktop\\reactProjects\\stDashboard\\backend\\node_modules\\mongoose\\lib\\drivers\\node-mongodb-native\\collection.js:187:23)\n    at listOnTimeout (node:internal/timers:581:17)\n    at process.processTimers (node:internal/timers:519:7)","timestamp":"2025-12-13T10:55:56.842Z"}
{"level":"info","message":{"duration":"10045ms","method":"GET","params":{},"path":"/api/courses","query":{},"status":500},"timestamp":"2025-12-13T10:55:56.861Z"}
{"level":"info","message":"Retrieved 2 courses successfully","timestamp":"2025-12-13T10:59:09.430Z"}
{"level":"info","message":{"duration":"907ms","method":"GET","params":{},"path":"/api/courses","query":{},"status":200},"timestamp":"2025-12-13T10:59:09.443Z"}
{"level":"info","message":"Retrieved 2 students successfully","timestamp":"2025-12-13T10:59:23.309Z"}
{"level":"info","message":{"duration":"38ms","method":"GET","params":{},"path":"/api/students","query":{},"status":200},"timestamp":"2025-12-13T10:59:23.312Z"}
{"activeCourses":2,"activeStudents":2,"courseCounts":[{"_id":"6934060cee86e5f6c88ebc19","count":2}],"graduates":0,"level":"info","message":"Dashboard statistics retrieved successfully:","successRate":0,"timestamp":"2025-12-13T10:59:23.479Z","totalCourses":2,"totalStudents":2}
{"level":"info","message":{"duration":"212ms","method":"GET","params":{},"path":"/api/dashboard/stats","query":{},"status":200},"timestamp":"2025-12-13T10:59:23.490Z"}
{"level":"info","message":"Retrieved 2 students successfully","timestamp":"2025-12-13T10:59:29.922Z"}
{"level":"info","message":{"duration":"49ms","method":"GET","params":{},"path":"/api/students","query":{},"status":304},"timestamp":"2025-12-13T10:59:29.929Z"}
{"activeCourses":2,"activeStudents":2,"courseCounts":[{"_id":"6934060cee86e5f6c88ebc19","count":2}],"graduates":0,"level":"info","message":"Dashboard statistics retrieved successfully:","successRate":0,"timestamp":"2025-12-13T10:59:29.989Z","totalCourses":2,"totalStudents":2}
{"level":"info","message":{"duration":"105ms","method":"GET","params":{},"path":"/api/dashboard/stats","query":{},"status":304},"timestamp":"2025-12-13T10:59:29.993Z"}
{"course":"6934060cee86e5f6c88ebc19","level":"info","message":"Student deleted successfully:","name":"udemy","studentId":"69340646ee86e5f6c88ebc3b","timestamp":"2025-12-13T10:59:37.878Z"}
{"level":"info","message":{"duration":"29ms","method":"DELETE","params":{"id":"69340646ee86e5f6c88ebc3b"},"path":"/api/students/69340646ee86e5f6c88ebc3b","query":{},"status":200},"timestamp":"2025-12-13T10:59:37.881Z"}
{"level":"info","message":"Retrieved 1 students successfully","timestamp":"2025-12-13T10:59:37.909Z"}
{"level":"info","message":{"duration":"21ms","method":"GET","params":{},"path":"/api/students","query":{},"status":200},"timestamp":"2025-12-13T10:59:37.918Z"}
{"activeCourses":2,"activeStudents":1,"courseCounts":[{"_id":"6934060cee86e5f6c88ebc19","count":1}],"graduates":0,"level":"info","message":"Dashboard statistics retrieved successfully:","successRate":0,"timestamp":"2025-12-13T10:59:38.039Z","totalCourses":2,"totalStudents":1}
{"level":"info","message":{"duration":"93ms","method":"GET","params":{},"path":"/api/dashboard/stats","query":{},"status":200},"timestamp":"2025-12-13T10:59:38.044Z"}
{"level":"info","message":"Retrieved 2 courses successfully","timestamp":"2025-12-13T10:59:40.794Z"}
{"level":"info","message":{"duration":"54ms","method":"GET","params":{},"path":"/api/courses","query":{},"status":200},"timestamp":"2025-12-13T10:59:40.798Z"}
{"level":"info","message":{"duration":"20ms","method":"GET","params":{"id":"693405f5ee86e5f6c88ebc10"},"path":"/api/courses/693405f5ee86e5f6c88ebc10","query":{},"status":200},"timestamp":"2025-12-13T10:59:45.016Z"}
{"level":"info","message":"Retrieved 1 students successfully","timestamp":"2025-12-13T10:59:50.092Z"}
{"level":"info","message":{"duration":"99ms","method":"GET","params":{},"path":"/api/students","query":{},"status":304},"timestamp":"2025-12-13T10:59:50.094Z"}
{"activeCourses":2,"activeStudents":1,"courseCounts":[{"_id":"6934060cee86e5f6c88ebc19","count":1}],"graduates":0,"level":"info","message":"Dashboard statistics retrieved successfully:","successRate":0,"timestamp":"2025-12-13T10:59:50.146Z","totalCourses":2,"totalStudents":1}
{"level":"info","message":{"duration":"145ms","method":"GET","params":{},"path":"/api/dashboard/stats","query":{},"status":304},"timestamp":"2025-12-13T10:59:50.149Z"}
{"level":"info","message":"Retrieved 2 courses successfully","timestamp":"2025-12-13T11:00:03.228Z"}
{"level":"info","message":{"duration":"14ms","method":"GET","params":{},"path":"/api/courses","query":{},"status":304},"timestamp":"2025-12-13T11:00:03.231Z"}
{"level":"info","message":"Retrieved 1 students successfully","timestamp":"2025-12-13T11:00:09.245Z"}
{"level":"info","message":{"duration":"20ms","method":"GET","params":{},"path":"/api/students","query":{},"status":304},"timestamp":"2025-12-13T11:00:09.248Z"}
{"activeCourses":2,"activeStudents":1,"courseCounts":[{"_id":"6934060cee86e5f6c88ebc19","count":1}],"graduates":0,"level":"info","message":"Dashboard statistics retrieved successfully:","successRate":0,"timestamp":"2025-12-13T11:00:09.306Z","totalCourses":2,"totalStudents":1}
{"level":"info","message":{"duration":"74ms","method":"GET","params":{},"path":"/api/dashboard/stats","query":{},"status":304},"timestamp":"2025-12-13T11:00:09.311Z"}
{"level":"info","message":"Retrieved 1 students successfully","timestamp":"2025-12-13T11:00:10.773Z"}
{"level":"info","message":{"duration":"67ms","method":"GET","params":{},"path":"/api/students","query":{},"status":304},"timestamp":"2025-12-13T11:00:10.776Z"}
{"activeCourses":2,"activeStudents":1,"courseCounts":[{"_id":"6934060cee86e5f6c88ebc19","count":1}],"graduates":0,"level":"info","message":"Dashboard statistics retrieved successfully:","successRate":0,"timestamp":"2025-12-13T11:00:10.827Z","totalCourses":2,"totalStudents":1}
{"level":"info","message":{"duration":"114ms","method":"GET","params":{},"path":"/api/dashboard/stats","query":{},"status":304},"timestamp":"2025-12-13T11:00:10.829Z"}
{"level":"info","message":"Retrieved 2 courses successfully","timestamp":"2025-12-13T11:00:25.483Z"}
{"level":"info","message":{"duration":"13ms","method":"GET","params":{},"path":"/api/courses","query":{},"status":304},"timestamp":"2025-12-13T11:00:25.486Z"}
{"level":"info","message":{"duration":"68ms","method":"GET","params":{"id":"693405f5ee86e5f6c88ebc10"},"path":"/api/courses/693405f5ee86e5f6c88ebc10","query":{},"status":200},"timestamp":"2025-12-13T11:00:28.291Z"}
{"level":"info","message":"Retrieved 2 courses successfully","timestamp":"2025-12-15T12:57:44.334Z"}
{"level":"info","message":{"duration":"72ms","method":"GET","params":{},"path":"/api/courses","query":{},"status":200},"timestamp":"2025-12-15T12:57:44.351Z"}
{"level":"info","message":"Retrieved 1 students successfully","timestamp":"2025-12-15T12:57:44.432Z"}
{"level":"info","message":{"duration":"67ms","method":"GET","params":{},"path":"/api/students","query":{},"status":200},"timestamp":"2025-12-15T12:57:44.436Z"}
{"activeCourses":2,"activeStudents":1,"courseCounts":[{"_id":"6934060cee86e5f6c88ebc19","count":1}],"graduates":0,"level":"info","message":"Dashboard statistics retrieved successfully:","successRate":0,"timestamp":"2025-12-15T12:57:44.584Z","totalCourses":2,"totalStudents":1}
{"level":"info","message":{"duration":"216ms","method":"GET","params":{},"path":"/api/dashboard/stats","query":{},"status":200},"timestamp":"2025-12-15T12:57:44.590Z"}
{"level":"info","message":"Retrieved 2 courses successfully","timestamp":"2025-12-15T12:57:48.931Z"}
{"level":"info","message":{"duration":"52ms","method":"GET","params":{},"path":"/api/courses","query":{},"status":304},"timestamp":"2025-12-15T12:57:48.933Z"}
{"level":"info","message":"Retrieved 1 students successfully","timestamp":"2025-12-15T12:58:56.119Z"}
{"level":"info","message":{"duration":"17ms","method":"GET","params":{},"path":"/api/students","query":{},"status":200},"timestamp":"2025-12-15T12:58:56.125Z"}
{"activeCourses":2,"activeStudents":1,"courseCounts":[{"_id":"6934060cee86e5f6c88ebc19","count":1}],"graduates":0,"level":"info","message":"Dashboard statistics retrieved successfully:","successRate":0,"timestamp":"2025-12-15T12:58:56.193Z","totalCourses":2,"totalStudents":1}
{"level":"info","message":{"duration":"83ms","method":"GET","params":{},"path":"/api/dashboard/stats","query":{},"status":200},"timestamp":"2025-12-15T12:58:56.196Z"}
{"level":"info","message":"Retrieved 1 students successfully","timestamp":"2025-12-15T12:58:57.645Z"}
{"level":"info","message":{"duration":"61ms","method":"GET","params":{},"path":"/api/students","query":{},"status":304},"timestamp":"2025-12-15T12:58:57.646Z"}
{"activeCourses":2,"activeStudents":1,"courseCounts":[{"_id":"6934060cee86e5f6c88ebc19","count":1}],"graduates":0,"level":"info","message":"Dashboard statistics retrieved successfully:","successRate":0,"timestamp":"2025-12-15T12:58:57.693Z","totalCourses":2,"totalStudents":1}
{"level":"info","message":{"duration":"105ms","method":"GET","params":{},"path":"/api/dashboard/stats","query":{},"status":304},"timestamp":"2025-12-15T12:58:57.695Z"}
{"level":"info","message":"Retrieved 2 courses successfully","timestamp":"2025-12-15T12:59:00.102Z"}
{"level":"info","message":{"duration":"27ms","method":"GET","params":{},"path":"/api/courses","query":{},"status":200},"timestamp":"2025-12-15T12:59:00.106Z"}
{"level":"info","message":"Retrieved 1 students successfully","timestamp":"2025-12-15T12:59:09.909Z"}
{"level":"info","message":{"duration":"58ms","method":"GET","params":{},"path":"/api/students","query":{},"status":304},"timestamp":"2025-12-15T12:59:09.912Z"}
{"activeCourses":2,"activeStudents":1,"courseCounts":[{"_id":"6934060cee86e5f6c88ebc19","count":1}],"graduates":0,"level":"info","message":"Dashboard statistics retrieved successfully:","successRate":0,"timestamp":"2025-12-15T12:59:09.959Z","totalCourses":2,"totalStudents":1}
{"level":"info","message":{"duration":"106ms","method":"GET","params":{},"path":"/api/dashboard/stats","query":{},"status":304},"timestamp":"2025-12-15T12:59:09.962Z"}
{"level":"info","message":"Retrieved 1 students successfully","timestamp":"2025-12-15T12:59:11.043Z"}
{"level":"info","message":{"duration":"19ms","method":"GET","params":{},"path":"/api/students","query":{},"status":304},"timestamp":"2025-12-15T12:59:11.046Z"}
{"activeCourses":2,"activeStudents":1,"courseCounts":[{"_id":"6934060cee86e5f6c88ebc19","count":1}],"graduates":0,"level":"info","message":"Dashboard statistics retrieved successfully:","successRate":0,"timestamp":"2025-12-15T12:59:11.098Z","totalCourses":2,"totalStudents":1}
{"level":"info","message":{"duration":"69ms","method":"GET","params":{},"path":"/api/dashboard/stats","query":{},"status":304},"timestamp":"2025-12-15T12:59:11.100Z"}
{"level":"info","message":"Retrieved 2 courses successfully","timestamp":"2025-12-15T12:59:12.604Z"}
{"level":"info","message":{"duration":"123ms","method":"GET","params":{},"path":"/api/courses","query":{},"status":304},"timestamp":"2025-12-15T12:59:12.607Z"}
{"level":"info","message":"Retrieved 1 students successfully","timestamp":"2025-12-15T12:59:13.726Z"}
{"level":"info","message":{"duration":"75ms","method":"GET","params":{},"path":"/api/students","query":{},"status":304},"timestamp":"2025-12-15T12:59:13.728Z"}
{"activeCourses":2,"activeStudents":1,"courseCounts":[{"_id":"6934060cee86e5f6c88ebc19","count":1}],"graduates":0,"level":"info","message":"Dashboard statistics retrieved successfully:","successRate":0,"timestamp":"2025-12-15T12:59:13.768Z","totalCourses":2,"totalStudents":1}
{"level":"info","message":{"duration":"114ms","method":"GET","params":{},"path":"/api/dashboard/stats","query":{},"status":304},"timestamp":"2025-12-15T12:59:13.770Z"}
{"level":"info","message":"Retrieved 1 students successfully","timestamp":"2025-12-15T12:59:14.954Z"}
{"level":"info","message":{"duration":"69ms","method":"GET","params":{},"path":"/api/students","query":{},"status":304},"timestamp":"2025-12-15T12:59:14.956Z"}
{"activeCourses":2,"activeStudents":1,"courseCounts":[{"_id":"6934060cee86e5f6c88ebc19","count":1}],"graduates":0,"level":"info","message":"Dashboard statistics retrieved successfully:","successRate":0,"timestamp":"2025-12-15T12:59:15.006Z","totalCourses":2,"totalStudents":1}
{"level":"info","message":{"duration":"117ms","method":"GET","params":{},"path":"/api/dashboard/stats","query":{},"status":304},"timestamp":"2025-12-15T12:59:15.010Z"}
{"level":"info","message":"Retrieved 2 courses successfully","timestamp":"2025-12-15T12:59:20.071Z"}
{"level":"info","message":{"duration":"88ms","method":"GET","params":{},"path":"/api/courses","query":{},"status":304},"timestamp":"2025-12-15T12:59:20.073Z"}
{"level":"info","message":"Student search initiated:","searchTerm":"pol","timestamp":"2025-12-15T12:59:22.943Z"}
{"level":"info","message":"Student search completed:","resultsCount":0,"searchTerm":"pol","timestamp":"2025-12-15T12:59:22.956Z"}
{"level":"info","message":{"duration":"17ms","method":"GET","params":{},"path":"/api/students/search","query":{"q":"pol"},"status":200},"timestamp":"2025-12-15T12:59:22.960Z"}
{"level":"info","message":"Student search initiated:","searchTerm":"politi","timestamp":"2025-12-15T12:59:26.897Z"}
{"level":"info","message":"Student search completed:","resultsCount":0,"searchTerm":"politi","timestamp":"2025-12-15T12:59:26.932Z"}
{"level":"info","message":{"duration":"37ms","method":"GET","params":{},"path":"/api/students/search","query":{"q":"politi"},"status":200},"timestamp":"2025-12-15T12:59:26.934Z"}
{"level":"info","message":"Student search initiated:","searchTerm":"politics","timestamp":"2025-12-15T12:59:27.642Z"}
{"level":"info","message":"Student search completed:","resultsCount":0,"searchTerm":"politics","timestamp":"2025-12-15T12:59:27.652Z"}
{"level":"info","message":{"duration":"14ms","method":"GET","params":{},"path":"/api/students/search","query":{"q":"politics"},"status":200},"timestamp":"2025-12-15T12:59:27.655Z"}
{"level":"info","message":"Retrieved 1 students successfully","timestamp":"2025-12-15T12:59:31.759Z"}
{"level":"info","message":{"duration":"17ms","method":"GET","params":{},"path":"/api/students","query":{},"status":304},"timestamp":"2025-12-15T12:59:31.761Z"}
{"level":"info","message":"Retrieved 2 courses successfully","timestamp":"2025-12-16T10:07:41.205Z"}
{"level":"info","message":{"duration":"67ms","method":"GET","params":{},"path":"/api/courses","query":{},"status":304},"timestamp":"2025-12-16T10:07:41.233Z"}
{"level":"info","message":"Retrieved 1 students successfully","timestamp":"2025-12-16T10:07:41.315Z"}
{"level":"info","message":{"duration":"43ms","method":"GET","params":{},"path":"/api/students","query":{},"status":200},"timestamp":"2025-12-16T10:07:41.330Z"}
{"activeCourses":2,"activeStudents":1,"courseCounts":[{"_id":"6934060cee86e5f6c88ebc19","count":1}],"graduates":0,"level":"info","message":"Dashboard statistics retrieved successfully:","successRate":0,"timestamp":"2025-12-16T10:07:41.448Z","totalCourses":2,"totalStudents":1}
{"level":"info","message":{"duration":"109ms","method":"GET","params":{},"path":"/api/dashboard/stats","query":{},"status":304},"timestamp":"2025-12-16T10:07:41.456Z"}
{"level":"info","message":"Retrieved 2 courses successfully","timestamp":"2025-12-16T10:07:47.916Z"}
{"level":"info","message":{"duration":"22ms","method":"GET","params":{},"path":"/api/courses","query":{},"status":304},"timestamp":"2025-12-16T10:07:47.921Z"}
{"level":"info","message":"Retrieved 1 students successfully","timestamp":"2025-12-16T10:07:52.243Z"}
{"level":"info","message":{"duration":"20ms","method":"GET","params":{},"path":"/api/students","query":{},"status":304},"timestamp":"2025-12-16T10:07:52.251Z"}
{"activeCourses":2,"activeStudents":1,"courseCounts":[{"_id":"6934060cee86e5f6c88ebc19","count":1}],"graduates":0,"level":"info","message":"Dashboard statistics retrieved successfully:","successRate":0,"timestamp":"2025-12-16T10:07:52.323Z","totalCourses":2,"totalStudents":1}
{"level":"info","message":{"duration":"91ms","method":"GET","params":{},"path":"/api/dashboard/stats","query":{},"status":304},"timestamp":"2025-12-16T10:07:52.327Z"}
{"level":"info","message":"Retrieved 2 courses successfully","timestamp":"2025-12-16T10:10:52.506Z"}
{"level":"info","message":{"duration":"25ms","method":"GET","params":{},"path":"/api/courses","query":{},"status":200},"timestamp":"2025-12-16T10:10:52.513Z"}
{"level":"info","message":"Retrieved 1 students successfully","timestamp":"2025-12-16T10:10:52.557Z"}
{"level":"info","message":{"duration":"17ms","method":"GET","params":{},"path":"/api/students","query":{},"status":200},"timestamp":"2025-12-16T10:10:52.560Z"}
{"activeCourses":2,"activeStudents":1,"courseCounts":[{"_id":"6934060cee86e5f6c88ebc19","count":1}],"graduates":0,"level":"info","message":"Dashboard statistics retrieved successfully:","successRate":0,"timestamp":"2025-12-16T10:10:52.636Z","totalCourses":2,"totalStudents":1}
{"level":"info","message":{"duration":"92ms","method":"GET","params":{},"path":"/api/dashboard/stats","query":{},"status":200},"timestamp":"2025-12-16T10:10:52.641Z"}
{"level":"info","message":"Retrieved 2 courses successfully","timestamp":"2025-12-16T10:11:33.888Z"}
{"level":"info","message":{"duration":"12ms","method":"GET","params":{},"path":"/api/courses","query":{},"status":304},"timestamp":"2025-12-16T10:11:33.891Z"}
{"level":"info","message":"Retrieved 1 students successfully","timestamp":"2025-12-16T10:11:33.934Z"}
{"level":"info","message":{"duration":"13ms","method":"GET","params":{},"path":"/api/students","query":{},"status":304},"timestamp":"2025-12-16T10:11:33.938Z"}
{"activeCourses":2,"activeStudents":1,"courseCounts":[{"_id":"6934060cee86e5f6c88ebc19","count":1}],"graduates":0,"level":"info","message":"Dashboard statistics retrieved successfully:","successRate":0,"timestamp":"2025-12-16T10:11:34.006Z","totalCourses":2,"totalStudents":1}
{"level":"info","message":{"duration":"80ms","method":"GET","params":{},"path":"/api/dashboard/stats","query":{},"status":304},"timestamp":"2025-12-16T10:11:34.009Z"}
{"level":"info","message":"Retrieved 2 courses successfully","timestamp":"2025-12-16T10:13:03.789Z"}
{"level":"info","message":{"duration":"14ms","method":"GET","params":{},"path":"/api/courses","query":{},"status":200},"timestamp":"2025-12-16T10:13:03.790Z"}
{"level":"info","message":"Retrieved 1 students successfully","timestamp":"2025-12-16T10:13:03.825Z"}
{"level":"info","message":{"duration":"15ms","method":"GET","params":{},"path":"/api/students","query":{},"status":200},"timestamp":"2025-12-16T10:13:03.827Z"}
{"activeCourses":2,"activeStudents":1,"courseCounts":[{"_id":"6934060cee86e5f6c88ebc19","count":1}],"graduates":0,"level":"info","message":"Dashboard statistics retrieved successfully:","successRate":0,"timestamp":"2025-12-16T10:13:03.886Z","totalCourses":2,"totalStudents":1}
{"level":"info","message":{"duration":"61ms","method":"GET","params":{},"path":"/api/dashboard/stats","query":{},"status":200},"timestamp":"2025-12-16T10:13:03.889Z"}
{"level":"info","message":"Retrieved 2 courses successfully","timestamp":"2025-12-16T10:13:12.537Z"}
{"level":"info","message":{"duration":"13ms","method":"GET","params":{},"path":"/api/courses","query":{},"status":304},"timestamp":"2025-12-16T10:13:12.540Z"}
{"level":"info","message":"Retrieved 1 students successfully","timestamp":"2025-12-16T10:13:12.568Z"}
{"level":"info","message":{"duration":"16ms","method":"GET","params":{},"path":"/api/students","query":{},"status":304},"timestamp":"2025-12-16T10:13:12.572Z"}
{"activeCourses":2,"activeStudents":1,"courseCounts":[{"_id":"6934060cee86e5f6c88ebc19","count":1}],"graduates":0,"level":"info","message":"Dashboard statistics retrieved successfully:","successRate":0,"timestamp":"2025-12-16T10:13:12.625Z","totalCourses":2,"totalStudents":1}
{"level":"info","message":{"duration":"67ms","method":"GET","params":{},"path":"/api/dashboard/stats","query":{},"status":304},"timestamp":"2025-12-16T10:13:12.627Z"}
{"level":"info","message":"Retrieved 2 courses successfully","timestamp":"2025-12-16T10:14:13.573Z"}
{"level":"info","message":{"duration":"11ms","method":"GET","params":{},"path":"/api/courses","query":{},"status":200},"timestamp":"2025-12-16T10:14:13.575Z"}
{"level":"info","message":"Retrieved 1 students successfully","timestamp":"2025-12-16T10:14:13.601Z"}
{"level":"info","message":{"duration":"11ms","method":"GET","params":{},"path":"/api/students","query":{},"status":200},"timestamp":"2025-12-16T10:14:13.604Z"}
{"activeCourses":2,"activeStudents":1,"courseCounts":[{"_id":"6934060cee86e5f6c88ebc19","count":1}],"graduates":0,"level":"info","message":"Dashboard statistics retrieved successfully:","successRate":0,"timestamp":"2025-12-16T10:14:13.657Z","totalCourses":2,"totalStudents":1}
{"level":"info","message":{"duration":"64ms","method":"GET","params":{},"path":"/api/dashboard/stats","query":{},"status":200},"timestamp":"2025-12-16T10:14:13.660Z"}
{"level":"info","message":"Retrieved 2 courses successfully","timestamp":"2025-12-16T10:14:18.740Z"}
{"level":"info","message":{"duration":"11ms","method":"GET","params":{},"path":"/api/courses","query":{},"status":304},"timestamp":"2025-12-16T10:14:18.742Z"}
{"level":"info","message":"Retrieved 1 students successfully","timestamp":"2025-12-16T10:14:18.778Z"}
{"level":"info","message":{"duration":"13ms","method":"GET","params":{},"path":"/api/students","query":{},"status":304},"timestamp":"2025-12-16T10:14:18.781Z"}
{"activeCourses":2,"activeStudents":1,"courseCounts":[{"_id":"6934060cee86e5f6c88ebc19","count":1}],"graduates":0,"level":"info","message":"Dashboard statistics retrieved successfully:","successRate":0,"timestamp":"2025-12-16T10:14:18.836Z","totalCourses":2,"totalStudents":1}
{"level":"info","message":{"duration":"63ms","method":"GET","params":{},"path":"/api/dashboard/stats","query":{},"status":304},"timestamp":"2025-12-16T10:14:18.838Z"}
{"level":"info","message":"Retrieved 2 courses successfully","timestamp":"2025-12-16T10:18:05.888Z"}
{"level":"info","message":{"duration":"63ms","method":"GET","params":{},"path":"/api/courses","query":{},"status":304},"timestamp":"2025-12-16T10:18:05.916Z"}
{"level":"info","message":"Retrieved 1 students successfully","timestamp":"2025-12-16T10:18:05.954Z"}
{"level":"info","message":{"duration":"19ms","method":"GET","params":{},"path":"/api/students","query":{},"status":200},"timestamp":"2025-12-16T10:18:05.959Z"}
{"activeCourses":2,"activeStudents":1,"courseCounts":[{"_id":"6934060cee86e5f6c88ebc19","count":1}],"graduates":0,"level":"info","message":"Dashboard statistics retrieved successfully:","successRate":0,"timestamp":"2025-12-16T10:18:06.068Z","totalCourses":2,"totalStudents":1}
{"level":"info","message":{"duration":"125ms","method":"GET","params":{},"path":"/api/dashboard/stats","query":{},"status":200},"timestamp":"2025-12-16T10:18:06.071Z"}
{"level":"info","message":"Retrieved 2 courses successfully","timestamp":"2025-12-16T10:18:10.463Z"}
{"level":"info","message":{"duration":"12ms","method":"GET","params":{},"path":"/api/courses","query":{},"status":304},"timestamp":"2025-12-16T10:18:10.465Z"}
{"level":"info","message":"Retrieved 1 students successfully","timestamp":"2025-12-16T10:18:10.542Z"}
{"level":"info","message":{"duration":"24ms","method":"GET","params":{},"path":"/api/students","query":{},"status":304},"timestamp":"2025-12-16T10:18:10.544Z"}
{"activeCourses":2,"activeStudents":1,"courseCounts":[{"_id":"6934060cee86e5f6c88ebc19","count":1}],"graduates":0,"level":"info","message":"Dashboard statistics retrieved successfully:","successRate":0,"timestamp":"2025-12-16T10:18:10.638Z","totalCourses":2,"totalStudents":1}
{"level":"info","message":{"duration":"117ms","method":"GET","params":{},"path":"/api/dashboard/stats","query":{},"status":304},"timestamp":"2025-12-16T10:18:10.640Z"}
{"level":"info","message":"Retrieved 2 courses successfully","timestamp":"2025-12-16T10:32:39.852Z"}
{"level":"info","message":{"duration":"41ms","method":"GET","params":{},"path":"/api/courses","query":{},"status":200},"timestamp":"2025-12-16T10:32:39.868Z"}
{"level":"info","message":"Retrieved 1 students successfully","timestamp":"2025-12-16T10:32:39.963Z"}
{"level":"info","message":{"duration":"15ms","method":"GET","params":{},"path":"/api/students","query":{},"status":200},"timestamp":"2025-12-16T10:32:39.965Z"}
{"activeCourses":2,"activeStudents":1,"courseCounts":[{"_id":"6934060cee86e5f6c88ebc19","count":1}],"graduates":0,"level":"info","message":"Dashboard statistics retrieved successfully:","successRate":0,"timestamp":"2025-12-16T10:32:40.052Z","totalCourses":2,"totalStudents":1}
{"level":"info","message":{"duration":"101ms","method":"GET","params":{},"path":"/api/dashboard/stats","query":{},"status":200},"timestamp":"2025-12-16T10:32:40.055Z"}
{"level":"info","message":"Retrieved 2 courses successfully","timestamp":"2025-12-16T10:34:03.897Z"}
{"level":"info","message":{"duration":"19ms","method":"GET","params":{},"path":"/api/courses","query":{},"status":200},"timestamp":"2025-12-16T10:34:03.901Z"}
{"level":"info","message":"Retrieved 1 students successfully","timestamp":"2025-12-16T10:34:03.957Z"}
{"level":"info","message":{"duration":"20ms","method":"GET","params":{},"path":"/api/students","query":{},"status":200},"timestamp":"2025-12-16T10:34:03.962Z"}
{"activeCourses":2,"activeStudents":1,"courseCounts":[{"_id":"6934060cee86e5f6c88ebc19","count":1}],"graduates":0,"level":"info","message":"Dashboard statistics retrieved successfully:","successRate":0,"timestamp":"2025-12-16T10:34:04.034Z","totalCourses":2,"totalStudents":1}
{"level":"info","message":{"duration":"92ms","method":"GET","params":{},"path":"/api/dashboard/stats","query":{},"status":200},"timestamp":"2025-12-16T10:34:04.038Z"}
{"level":"info","message":"Retrieved 2 courses successfully","timestamp":"2025-12-16T10:58:03.659Z"}
{"level":"info","message":{"duration":"249ms","method":"GET","params":{},"path":"/api/courses","query":{},"status":200},"timestamp":"2025-12-16T10:58:03.757Z"}
{"level":"info","message":"Retrieved 1 students successfully","timestamp":"2025-12-16T10:58:03.837Z"}
{"level":"info","message":{"duration":"57ms","method":"GET","params":{},"path":"/api/students","query":{},"status":200},"timestamp":"2025-12-16T10:58:03.840Z"}
{"activeCourses":2,"activeStudents":1,"courseCounts":[{"_id":"6934060cee86e5f6c88ebc19","count":1}],"graduates":0,"level":"info","message":"Dashboard statistics retrieved successfully:","successRate":0,"timestamp":"2025-12-16T10:58:03.933Z","totalCourses":2,"totalStudents":1}
{"level":"info","message":{"duration":"150ms","method":"GET","params":{},"path":"/api/dashboard/stats","query":{},"status":200},"timestamp":"2025-12-16T10:58:03.937Z"}
